<?xml version="1.0" encoding="UTF-8" standalone="no"?>
<testsuite failures="2" name="cucumber.runtime.formatter.JUnitFormatter" skipped="0" tests="5" time="348.50691">
    <testcase classname="To validate the login functionality" name="To validate the login functionality with incorrect crediantials" time="23.829884">
        <failure message="java.lang.NullPointerException: Cannot invoke &quot;org.openqa.selenium.SearchContext.findElement(org.openqa.selenium.By)&quot; because &quot;this.searchContext&quot; is null&#13;&#10;&#9;at org.openqa.selenium.support.pagefactory.DefaultElementLocator.findElement(DefaultElementLocator.java:69)&#13;&#10;&#9;at org.openqa.selenium.support.pagefactory.internal.LocatingElementHandler.invoke(LocatingElementHandler.java:38)&#13;&#10;&#9;at jdk.proxy2/jdk.proxy2.$Proxy18.sendKeys(Unknown Source)&#13;&#10;&#9;at org.baseclasses.BaseClassCucumber.fill(BaseClassCucumber.java:182)&#13;&#10;&#9;at org.stepdefinition.UserLogin.userEnterTheUsernameAndPassword(UserLogin.java:29)&#13;&#10;&#9;at ✽.user enter the username and password(file:src/test/resources/featureFiles/user_login.feature:7)&#13;&#10;"><![CDATA[Given user should launch the browser........................................passed
Then user should load the url...............................................passed
And user enter the username and password....................................failed
Then user should click login button.........................................skipped

StackTrace:
java.lang.NullPointerException: Cannot invoke "org.openqa.selenium.SearchContext.findElement(org.openqa.selenium.By)" because "this.searchContext" is null
	at org.openqa.selenium.support.pagefactory.DefaultElementLocator.findElement(DefaultElementLocator.java:69)
	at org.openqa.selenium.support.pagefactory.internal.LocatingElementHandler.invoke(LocatingElementHandler.java:38)
	at jdk.proxy2/jdk.proxy2.$Proxy18.sendKeys(Unknown Source)
	at org.baseclasses.BaseClassCucumber.fill(BaseClassCucumber.java:182)
	at org.stepdefinition.UserLogin.userEnterTheUsernameAndPassword(UserLogin.java:29)
	at ✽.user enter the username and password(file:src/test/resources/featureFiles/user_login.feature:7)
]]></failure>
    </testcase>
    <testcase classname="To validate the login functionality" name="To validate the login functionality with empty username and incorrect password" time="44.271371">
        <system-out><![CDATA[Given user should launch the browser........................................passed
Then user should load the url...............................................passed
And user enter empty username and password..................................passed
Then user should click the login button.....................................passed
]]></system-out>
    </testcase>
    <testcase classname="To validate the login functionality" name="To validate the login functionality with empty username and empty password" time="44.996101">
        <system-out><![CDATA[Given user should launch the browser........................................passed
Then user should load the url...............................................passed
And user enter empty username and empty password............................passed
Then user should click the login button.....................................passed
]]></system-out>
    </testcase>
    <testcase classname="To validate the login functionality" name="To validate the login functionality with  username and empty password" time="75.264583">
        <system-out><![CDATA[Given user should launch the browser........................................passed
Then user should load the url...............................................passed
And user enter empty username and password..................................passed
Then user should click the login button.....................................passed
]]></system-out>
    </testcase>
    <testcase classname="To validate the login functionality" name="To validate the login functionality with correct crediantials" time="160.144971">
        <failure message="org.openqa.selenium.WebDriverException: unknown error: unable to discover open pages&#10;Build info: version: '3.141.59', revision: 'e82be7d358', time: '2018-11-14T08:17:03'&#10;System info: host: 'DESKTOP-3DLERL0', ip: '192.168.43.107', os.name: 'Windows 10', os.arch: 'amd64', os.version: '10.0', java.version: '17.0.2'&#10;Driver info: driver.version: ChromeDriver&#10;remote stacktrace: Backtrace:&#10;&#9;Ordinal0 [0x0111D953+2414931]&#10;&#9;Ordinal0 [0x010AF5E1+1963489]&#10;&#9;Ordinal0 [0x00F9C6B8+837304]&#10;&#9;Ordinal0 [0x00FBCAE3+969443]&#10;&#9;Ordinal0 [0x00FB86FA+952058]&#10;&#9;Ordinal0 [0x00FB5FB1+942001]&#10;&#9;Ordinal0 [0x00FE9100+1151232]&#10;&#9;Ordinal0 [0x00FE8D5A+1150298]&#10;&#9;Ordinal0 [0x00FE42B6+1131190]&#10;&#9;Ordinal0 [0x00FBE860+976992]&#10;&#9;Ordinal0 [0x00FBF756+980822]&#10;&#9;GetHandleVerifier [0x0138CC62+2510274]&#10;&#9;GetHandleVerifier [0x0137F760+2455744]&#10;&#9;GetHandleVerifier [0x011AEABA+551962]&#10;&#9;GetHandleVerifier [0x011AD916+547446]&#10;&#9;Ordinal0 [0x010B5F3B+1990459]&#10;&#9;Ordinal0 [0x010BA898+2009240]&#10;&#9;Ordinal0 [0x010BA985+2009477]&#10;&#9;Ordinal0 [0x010C3AD1+2046673]&#10;&#9;BaseThreadInitThunk [0x7639FA29+25]&#10;&#9;RtlGetAppContainerNamedObjectPath [0x777E7A7E+286]&#10;&#9;RtlGetAppContainerNamedObjectPath [0x777E7A4E+238]&#10;&#13;&#10;&#9;at java.base/jdk.internal.reflect.NativeConstructorAccessorImpl.newInstance0(Native Method)&#13;&#10;&#9;at java.base/jdk.internal.reflect.NativeConstructorAccessorImpl.newInstance(NativeConstructorAccessorImpl.java:77)&#13;&#10;&#9;at java.base/jdk.internal.reflect.DelegatingConstructorAccessorImpl.newInstance(DelegatingConstructorAccessorImpl.java:45)&#13;&#10;&#9;at java.base/java.lang.reflect.Constructor.newInstanceWithCaller(Constructor.java:499)&#13;&#10;&#9;at java.base/java.lang.reflect.Constructor.newInstance(Constructor.java:480)&#13;&#10;&#9;at org.openqa.selenium.remote.W3CHandshakeResponse.lambda$errorHandler$0(W3CHandshakeResponse.java:62)&#13;&#10;&#9;at org.openqa.selenium.remote.HandshakeResponse.lambda$getResponseFunction$0(HandshakeResponse.java:30)&#13;&#10;&#9;at org.openqa.selenium.remote.ProtocolHandshake.lambda$createSession$0(ProtocolHandshake.java:126)&#13;&#10;&#9;at java.base/java.util.stream.ReferencePipeline$3$1.accept(ReferencePipeline.java:197)&#13;&#10;&#9;at java.base/java.util.Spliterators$ArraySpliterator.tryAdvance(Spliterators.java:1002)&#13;&#10;&#9;at java.base/java.util.stream.ReferencePipeline.forEachWithCancel(ReferencePipeline.java:129)&#13;&#10;&#9;at java.base/java.util.stream.AbstractPipeline.copyIntoWithCancel(AbstractPipeline.java:527)&#13;&#10;&#9;at java.base/java.util.stream.AbstractPipeline.copyInto(AbstractPipeline.java:513)&#13;&#10;&#9;at java.base/java.util.stream.AbstractPipeline.wrapAndCopyInto(AbstractPipeline.java:499)&#13;&#10;&#9;at java.base/java.util.stream.FindOps$FindOp.evaluateSequential(FindOps.java:150)&#13;&#10;&#9;at java.base/java.util.stream.AbstractPipeline.evaluate(AbstractPipeline.java:234)&#13;&#10;&#9;at java.base/java.util.stream.ReferencePipeline.findFirst(ReferencePipeline.java:647)&#13;&#10;&#9;at org.openqa.selenium.remote.ProtocolHandshake.createSession(ProtocolHandshake.java:128)&#13;&#10;&#9;at org.openqa.selenium.remote.ProtocolHandshake.createSession(ProtocolHandshake.java:74)&#13;&#10;&#9;at org.openqa.selenium.remote.HttpCommandExecutor.execute(HttpCommandExecutor.java:136)&#13;&#10;&#9;at org.openqa.selenium.remote.service.DriverCommandExecutor.execute(DriverCommandExecutor.java:83)&#13;&#10;&#9;at org.openqa.selenium.remote.RemoteWebDriver.execute(RemoteWebDriver.java:552)&#13;&#10;&#9;at org.openqa.selenium.remote.RemoteWebDriver.startSession(RemoteWebDriver.java:213)&#13;&#10;&#9;at org.openqa.selenium.remote.RemoteWebDriver.&lt;init&gt;(RemoteWebDriver.java:131)&#13;&#10;&#9;at org.openqa.selenium.chrome.ChromeDriver.&lt;init&gt;(ChromeDriver.java:181)&#13;&#10;&#9;at org.openqa.selenium.chrome.ChromeDriver.&lt;init&gt;(ChromeDriver.java:168)&#13;&#10;&#9;at org.openqa.selenium.chrome.ChromeDriver.&lt;init&gt;(ChromeDriver.java:123)&#13;&#10;&#9;at org.baseclasses.BaseClassCucumber.launchChrome(BaseClassCucumber.java:109)&#13;&#10;&#9;at org.stepdefinition.UserLogin.userShouldLaunchTheBrowser(UserLogin.java:15)&#13;&#10;&#9;at ✽.user should launch the browser(file:src/test/resources/featureFiles/user_login.feature:3)&#13;&#10;"><![CDATA[Given user should launch the browser........................................failed
Then user should load the url...............................................skipped
And user enter empty username and password..................................skipped
Then user should click the login button.....................................skipped

StackTrace:
org.openqa.selenium.WebDriverException: unknown error: unable to discover open pages
Build info: version: '3.141.59', revision: 'e82be7d358', time: '2018-11-14T08:17:03'
System info: host: 'DESKTOP-3DLERL0', ip: '192.168.43.107', os.name: 'Windows 10', os.arch: 'amd64', os.version: '10.0', java.version: '17.0.2'
Driver info: driver.version: ChromeDriver
remote stacktrace: Backtrace:
	Ordinal0 [0x0111D953+2414931]
	Ordinal0 [0x010AF5E1+1963489]
	Ordinal0 [0x00F9C6B8+837304]
	Ordinal0 [0x00FBCAE3+969443]
	Ordinal0 [0x00FB86FA+952058]
	Ordinal0 [0x00FB5FB1+942001]
	Ordinal0 [0x00FE9100+1151232]
	Ordinal0 [0x00FE8D5A+1150298]
	Ordinal0 [0x00FE42B6+1131190]
	Ordinal0 [0x00FBE860+976992]
	Ordinal0 [0x00FBF756+980822]
	GetHandleVerifier [0x0138CC62+2510274]
	GetHandleVerifier [0x0137F760+2455744]
	GetHandleVerifier [0x011AEABA+551962]
	GetHandleVerifier [0x011AD916+547446]
	Ordinal0 [0x010B5F3B+1990459]
	Ordinal0 [0x010BA898+2009240]
	Ordinal0 [0x010BA985+2009477]
	Ordinal0 [0x010C3AD1+2046673]
	BaseThreadInitThunk [0x7639FA29+25]
	RtlGetAppContainerNamedObjectPath [0x777E7A7E+286]
	RtlGetAppContainerNamedObjectPath [0x777E7A4E+238]

	at java.base/jdk.internal.reflect.NativeConstructorAccessorImpl.newInstance0(Native Method)
	at java.base/jdk.internal.reflect.NativeConstructorAccessorImpl.newInstance(NativeConstructorAccessorImpl.java:77)
	at java.base/jdk.internal.reflect.DelegatingConstructorAccessorImpl.newInstance(DelegatingConstructorAccessorImpl.java:45)
	at java.base/java.lang.reflect.Constructor.newInstanceWithCaller(Constructor.java:499)
	at java.base/java.lang.reflect.Constructor.newInstance(Constructor.java:480)
	at org.openqa.selenium.remote.W3CHandshakeResponse.lambda$errorHandler$0(W3CHandshakeResponse.java:62)
	at org.openqa.selenium.remote.HandshakeResponse.lambda$getResponseFunction$0(HandshakeResponse.java:30)
	at org.openqa.selenium.remote.ProtocolHandshake.lambda$createSession$0(ProtocolHandshake.java:126)
	at java.base/java.util.stream.ReferencePipeline$3$1.accept(ReferencePipeline.java:197)
	at java.base/java.util.Spliterators$ArraySpliterator.tryAdvance(Spliterators.java:1002)
	at java.base/java.util.stream.ReferencePipeline.forEachWithCancel(ReferencePipeline.java:129)
	at java.base/java.util.stream.AbstractPipeline.copyIntoWithCancel(AbstractPipeline.java:527)
	at java.base/java.util.stream.AbstractPipeline.copyInto(AbstractPipeline.java:513)
	at java.base/java.util.stream.AbstractPipeline.wrapAndCopyInto(AbstractPipeline.java:499)
	at java.base/java.util.stream.FindOps$FindOp.evaluateSequential(FindOps.java:150)
	at java.base/java.util.stream.AbstractPipeline.evaluate(AbstractPipeline.java:234)
	at java.base/java.util.stream.ReferencePipeline.findFirst(ReferencePipeline.java:647)
	at org.openqa.selenium.remote.ProtocolHandshake.createSession(ProtocolHandshake.java:128)
	at org.openqa.selenium.remote.ProtocolHandshake.createSession(ProtocolHandshake.java:74)
	at org.openqa.selenium.remote.HttpCommandExecutor.execute(HttpCommandExecutor.java:136)
	at org.openqa.selenium.remote.service.DriverCommandExecutor.execute(DriverCommandExecutor.java:83)
	at org.openqa.selenium.remote.RemoteWebDriver.execute(RemoteWebDriver.java:552)
	at org.openqa.selenium.remote.RemoteWebDriver.startSession(RemoteWebDriver.java:213)
	at org.openqa.selenium.remote.RemoteWebDriver.<init>(RemoteWebDriver.java:131)
	at org.openqa.selenium.chrome.ChromeDriver.<init>(ChromeDriver.java:181)
	at org.openqa.selenium.chrome.ChromeDriver.<init>(ChromeDriver.java:168)
	at org.openqa.selenium.chrome.ChromeDriver.<init>(ChromeDriver.java:123)
	at org.baseclasses.BaseClassCucumber.launchChrome(BaseClassCucumber.java:109)
	at org.stepdefinition.UserLogin.userShouldLaunchTheBrowser(UserLogin.java:15)
	at ✽.user should launch the browser(file:src/test/resources/featureFiles/user_login.feature:3)
]]></failure>
    </testcase>
</testsuite>
